
> thesis-blockchain-project@1.0.0 node
> hardhat node

WARNING: You are currently using Node.js v18.19.1, which is not supported by Hardhat. This can lead to unexpected behavior. See https://v2.hardhat.org/nodejs-versions


Started HTTP and WebSocket JSON-RPC server at http://127.0.0.1:8545/

Accounts
========

WARNING: These accounts, and their private keys, are publicly known.
Any funds sent to them on Mainnet or any other live network WILL BE LOST.

Account #0: 0xf39Fd6e51aad88F6F4ce6aB8827279cffFb92266 (10000 ETH)
Private Key: 0xac0974bec39a17e36ba4a6b4d238ff944bacb478cbed5efcae784d7bf4f2ff80

Account #1: 0x70997970C51812dc3A010C7d01b50e0d17dc79C8 (10000 ETH)
Private Key: 0x59c6995e998f97a5a0044966f0945389dc9e86dae88c7a8412f4603b6b78690d

Account #2: 0x3C44CdDdB6a900fa2b585dd299e03d12FA4293BC (10000 ETH)
Private Key: 0x5de4111afa1a4b94908f83103eb1f1706367c2e68ca870fc3fb9a804cdab365a

Account #3: 0x90F79bf6EB2c4f870365E785982E1f101E93b906 (10000 ETH)
Private Key: 0x7c852118294e51e653712a81e05800f419141751be58f605c371e15141b007a6

Account #4: 0x15d34AAf54267DB7D7c367839AAf71A00a2C6A65 (10000 ETH)
Private Key: 0x47e179ec197488593b187f80a00eb0da91f1b9d0b13f8733639f19c30a34926a

Account #5: 0x9965507D1a55bcC2695C58ba16FB37d819B0A4dc (10000 ETH)
Private Key: 0x8b3a350cf5c34c9194ca85829a2df0ec3153be0318b5e2d3348e872092edffba

Account #6: 0x976EA74026E726554dB657fA54763abd0C3a0aa9 (10000 ETH)
Private Key: 0x92db14e403b83dfe3df233f83dfa3a0d7096f21ca9b0d6d6b8d88b2b4ec1564e

Account #7: 0x14dC79964da2C08b23698B3D3cc7Ca32193d9955 (10000 ETH)
Private Key: 0x4bbbf85ce3377467afe5d46f804f221813b2bb87f24d81f60f1fcdbf7cbf4356

Account #8: 0x23618e81E3f5cdF7f54C3d65f7FBc0aBf5B21E8f (10000 ETH)
Private Key: 0xdbda1821b80551c9d65939329250298aa3472ba22feea921c0cf5d620ea67b97

Account #9: 0xa0Ee7A142d267C1f36714E4a8F75612F20a79720 (10000 ETH)
Private Key: 0x2a871d0798f97d79848a013d4936a73bf4cc922c825d33c1cf7073dff6d409c6

Account #10: 0xBcd4042DE499D14e55001CcbB24a551F3b954096 (10000 ETH)
Private Key: 0xf214f2b2cd398c806f84e317254e0f0b801d0643303237d97a22a48e01628897

Account #11: 0x71bE63f3384f5fb98995898A86B02Fb2426c5788 (10000 ETH)
Private Key: 0x701b615bbdfb9de65240bc28bd21bbc0d996645a3dd57e7b12bc2bdf6f192c82

Account #12: 0xFABB0ac9d68B0B445fB7357272Ff202C5651694a (10000 ETH)
Private Key: 0xa267530f49f8280200edf313ee7af6b827f2a8bce2897751d06a843f644967b1

Account #13: 0x1CBd3b2770909D4e10f157cABC84C7264073C9Ec (10000 ETH)
Private Key: 0x47c99abed3324a2707c28affff1267e45918ec8c3f20b8aa892e8b065d2942dd

Account #14: 0xdF3e18d64BC6A983f673Ab319CCaE4f1a57C7097 (10000 ETH)
Private Key: 0xc526ee95bf44d8fc405a158bb884d9d1238d99f0612e9f33d006bb0789009aaa

Account #15: 0xcd3B766CCDd6AE721141F452C550Ca635964ce71 (10000 ETH)
Private Key: 0x8166f546bab6da521a8369cab06c5d2b9e46670292d85c875ee9ec20e84ffb61

Account #16: 0x2546BcD3c84621e976D8185a91A922aE77ECEc30 (10000 ETH)
Private Key: 0xea6c44ac03bff858b476bba40716402b03e41b8e97e276d1baec7c37d42484a0

Account #17: 0xbDA5747bFD65F08deb54cb465eB87D40e51B197E (10000 ETH)
Private Key: 0x689af8efa8c651a91ad287602527f3af2fe9f6501a7ac4b061667b5a93e037fd

Account #18: 0xdD2FD4581271e230360230F9337D5c0430Bf44C0 (10000 ETH)
Private Key: 0xde9be858da4a475276426320d5e9262ecfc3ba460bfac56360bfa6c4c28b4ee0

Account #19: 0x8626f6940E2eb28930eFb4CeF49B2d1F2C9C1199 (10000 ETH)
Private Key: 0xdf57089febbacf7ba0bc227dafbffa9fc08a93fdc68e1e42411a14efcf23656e

WARNING: These accounts, and their private keys, are publicly known.
Any funds sent to them on Mainnet or any other live network WILL BE LOST.

[32meth_chainId[0m
[32meth_accounts[0m
[32mhardhat_metadata[0m
[32mhardhat_metadata (2)[0m
[32mhardhat_metadata (3)[0m
[32mhardhat_metadata (4)[0m
[32mhardhat_metadata (5)[0m
[32mhardhat_metadata (6)[0m
[32mhardhat_metadata (7)[0m
[32mhardhat_metadata (8)[0m
[32mhardhat_metadata (9)[0m
[32mhardhat_metadata (10)[0m
[32mhardhat_metadata (11)[0m
[32mhardhat_metadata (12)[0m
[32mhardhat_metadata (13)[0m
[32mhardhat_metadata (14)[0m
[32mhardhat_metadata (15)[0m
[32mhardhat_metadata (16)[0m
[32mhardhat_metadata (17)[0m
[32mhardhat_metadata (18)[0m
[32mhardhat_metadata (19)[0m
[32mhardhat_metadata (20)[0m
[32meth_blockNumber[0m
[32meth_getBlockByNumber[0m
[32meth_feeHistory[0m
[32meth_maxPriorityFeePerGas[0m
[32meth_sendTransaction[0m
  Contract deployment: DocumentRegistry
  Contract address:    0x5fbdb2315678afecb367f032d93f642f64180aa3
  Transaction:         0x3a3db009ee6d396ad556119fa6645003447e550071b2ad87ff7ff6277187df93
  From:                0xf39fd6e51aad88f6f4ce6ab8827279cfffb92266
  Value:               0 ETH
  Gas used:            1071503 of 16777216
  Block #1:            0x7f9012175423f0dadd7963fdba8371f8b13ccbb5e269689dd14027ba3b81f824

[32meth_getTransactionByHash[0m
[32meth_getTransactionReceipt[0m
[32meth_accounts[0m
[32mhardhat_metadata[0m
[32mhardhat_metadata (2)[0m
[32mhardhat_metadata (3)[0m
[32mhardhat_metadata (4)[0m
[32mhardhat_metadata (5)[0m
[32mhardhat_metadata (6)[0m
[32mhardhat_metadata (7)[0m
[32mhardhat_metadata (8)[0m
[32mhardhat_metadata (9)[0m
[32mhardhat_metadata (10)[0m
[32mhardhat_metadata (11)[0m
[32mhardhat_metadata (12)[0m
[32mhardhat_metadata (13)[0m
[32mhardhat_metadata (14)[0m
[32mhardhat_metadata (15)[0m
[32mhardhat_metadata (16)[0m
[32mhardhat_metadata (17)[0m
[32mhardhat_metadata (18)[0m
[32mhardhat_metadata (19)[0m
[32mhardhat_metadata (20)[0m
[32meth_chainId[0m
[32meth_accounts[0m
[32meth_chainId[0m
[32meth_call[0m
  Contract call:       DocumentRegistry#getTotalDocuments
  From:                0xf39fd6e51aad88f6f4ce6ab8827279cfffb92266
  To:                  0x5fbdb2315678afecb367f032d93f642f64180aa3

[32meth_chainId[0m
[32meth_chainId (2)[0m
[32meth_accounts[0m
[32meth_call[0m
  Contract call:       DocumentRegistry#getTotalDocuments
  From:                0xf39fd6e51aad88f6f4ce6ab8827279cfffb92266
  To:                  0x5fbdb2315678afecb367f032d93f642f64180aa3

[32meth_chainId[0m
[32meth_chainId (2)[0m
[32meth_blockNumber[0m
[32meth_estimateGas[0m
[32meth_sendTransaction[0m
  Contract call:       DocumentRegistry#registerDocument
  Transaction:         0x3c354a56a71c19c2f92440241c885d9d998f6082dc6fc27113781345efc4c2d3
  From:                0xf39fd6e51aad88f6f4ce6ab8827279cfffb92266
  To:                  0x5fbdb2315678afecb367f032d93f642f64180aa3
  Value:               0 ETH
  Gas used:            234198 of 234198
  Block #2:            0xfb870b29361adfeeb346fe7a3e20d70f816df2e66564c39435f9abdb97669eff

[32meth_chainId[0m
[32meth_getTransactionByHash[0m
[32meth_chainId[0m
[32meth_getTransactionReceipt[0m
[32meth_estimateGas[0m
[32meth_sendTransaction[0m
  Contract call:       DocumentRegistry#addXAIAnalysis
  Transaction:         0xf4bc8d749b2d81843f93e5c74285bc4d994da84f51c14f8735ba69bd26300a33
  From:                0xf39fd6e51aad88f6f4ce6ab8827279cfffb92266
  To:                  0x5fbdb2315678afecb367f032d93f642f64180aa3
  Value:               0 ETH
  Gas used:            993909 of 993909
  Block #3:            0x4fbdadbc2ca79c251237ccdc792b979860210e1af62abc8e933909fad26cb3e4

[32meth_chainId[0m
[32meth_getTransactionByHash[0m
[32meth_chainId[0m
[32meth_getTransactionReceipt[0m
[32meth_estimateGas[0m
[32meth_sendTransaction[0m
  Contract call:       DocumentRegistry#verifyDocument
  Transaction:         0x12d70af7dff02aac1c1e29626e8e6cff674fa7e7ca5bd6160304928fe3e41331
  From:                0xf39fd6e51aad88f6f4ce6ab8827279cfffb92266
  To:                  0x5fbdb2315678afecb367f032d93f642f64180aa3
  Value:               0 ETH
  Gas used:            78184 of 78184
  Block #4:            0xbd1bf76e329b3ae1d423bda45080d868bfeab705630cf8dac37c0640a7b6fae0

[32meth_chainId[0m
[32meth_getTransactionByHash[0m
[32meth_chainId[0m
[32meth_getTransactionReceipt[0m
[32meth_blockNumber[0m
[31meth_estimateGas[0m
  Contract call:       DocumentRegistry#registerDocument
  From:                0xf39fd6e51aad88f6f4ce6ab8827279cfffb92266
  To:                  0x5fbdb2315678afecb367f032d93f642f64180aa3
  Value:               0 ETH

  Error: reverted with reason string 'Document already registered'

[32meth_accounts[0m
[32meth_chainId[0m
[32meth_call[0m
  Contract call:       DocumentRegistry#getTotalDocuments
  From:                0xf39fd6e51aad88f6f4ce6ab8827279cfffb92266
  To:                  0x5fbdb2315678afecb367f032d93f642f64180aa3

[32meth_chainId[0m
[32meth_chainId (2)[0m
[32meth_chainId (3)[0m
[32meth_accounts[0m
[32meth_call[0m
  Contract call:       DocumentRegistry#getTotalDocuments
  From:                0xf39fd6e51aad88f6f4ce6ab8827279cfffb92266
  To:                  0x5fbdb2315678afecb367f032d93f642f64180aa3

[32meth_chainId[0m
[32meth_chainId (2)[0m
[32meth_blockNumber[0m
[31meth_estimateGas[0m
  Contract call:       DocumentRegistry#registerDocument
  From:                0xf39fd6e51aad88f6f4ce6ab8827279cfffb92266
  To:                  0x5fbdb2315678afecb367f032d93f642f64180aa3
  Value:               0 ETH

  Error: reverted with reason string 'Document already registered'

[32meth_blockNumber[0m
[31meth_estimateGas[0m
  Contract call:       DocumentRegistry#registerDocument
  From:                0xf39fd6e51aad88f6f4ce6ab8827279cfffb92266
  To:                  0x5fbdb2315678afecb367f032d93f642f64180aa3
  Value:               0 ETH

  Error: reverted with reason string 'Document already registered'

[32meth_blockNumber[0m
[32meth_estimateGas[0m
[32meth_sendTransaction[0m
  Contract call:       DocumentRegistry#registerDocument
  Transaction:         0xab2eb1129daf5e6a11e2832ec3af70b841c576d500d21500035ed20758d8b842
  From:                0xf39fd6e51aad88f6f4ce6ab8827279cfffb92266
  To:                  0x5fbdb2315678afecb367f032d93f642f64180aa3
  Value:               0 ETH
  Gas used:            171788 of 171788
  Block #5:            0x4805478b016a06f00d748bb063a0dfa0a1926471fc33cc850724da8799b977cf

[32meth_chainId[0m
[32meth_getTransactionByHash[0m
[32meth_chainId[0m
[32meth_getTransactionReceipt[0m
[32meth_estimateGas[0m
[32meth_sendTransaction[0m
  Contract call:       DocumentRegistry#addXAIAnalysis
  Transaction:         0xe0155e57f8470f42804ffdbcfc44b45f2e66bb7db9afe0fcb0238d94cf3884d0
  From:                0xf39fd6e51aad88f6f4ce6ab8827279cfffb92266
  To:                  0x5fbdb2315678afecb367f032d93f642f64180aa3
  Value:               0 ETH
  Gas used:            970795 of 970795
  Block #6:            0x65bfd850f3ae0e4525bfe7654de3453c42859992a42bea0f825bf65ebd49c77f

[32meth_chainId[0m
[32meth_getTransactionByHash[0m
[32meth_chainId[0m
[32meth_getTransactionReceipt[0m
[32meth_estimateGas[0m
[32meth_sendTransaction[0m
  Contract call:       DocumentRegistry#verifyDocument
  Transaction:         0x699f1bbe49c7712e2ab7c9841b668269ca267182452fdbf0fd5b99f9f2e5454d
  From:                0xf39fd6e51aad88f6f4ce6ab8827279cfffb92266
  To:                  0x5fbdb2315678afecb367f032d93f642f64180aa3
  Value:               0 ETH
  Gas used:            78184 of 78184
  Block #7:            0x03c229406c5b6232963d9d99420784d6f0a65b1e1f2e77763ef7a0357254697f

[32meth_chainId[0m
[32meth_getTransactionByHash[0m
[32meth_chainId[0m
[32meth_getTransactionReceipt[0m
[32meth_chainId[0m
[32meth_accounts[0m
[32meth_call[0m
  Contract call:       DocumentRegistry#getTotalDocuments
  From:                0xf39fd6e51aad88f6f4ce6ab8827279cfffb92266
  To:                  0x5fbdb2315678afecb367f032d93f642f64180aa3

[32meth_chainId[0m
[32meth_chainId (2)[0m
[32meth_blockNumber[0m
[31meth_estimateGas[0m
  Contract call:       DocumentRegistry#registerDocument
  From:                0xf39fd6e51aad88f6f4ce6ab8827279cfffb92266
  To:                  0x5fbdb2315678afecb367f032d93f642f64180aa3
  Value:               0 ETH

  Error: reverted with reason string 'Document already registered'

[32meth_blockNumber[0m
[31meth_estimateGas[0m
  Contract call:       DocumentRegistry#registerDocument
  From:                0xf39fd6e51aad88f6f4ce6ab8827279cfffb92266
  To:                  0x5fbdb2315678afecb367f032d93f642f64180aa3
  Value:               0 ETH

  Error: reverted with reason string 'Document already registered'

[32meth_blockNumber[0m
[32meth_estimateGas[0m
[32meth_sendTransaction[0m
  Contract call:       DocumentRegistry#registerDocument
  Transaction:         0xdc06b2c3c16e2b6a26910c031a7e5d10fa2308612d2711275cd0a9482e4de5a5
  From:                0xf39fd6e51aad88f6f4ce6ab8827279cfffb92266
  To:                  0x5fbdb2315678afecb367f032d93f642f64180aa3
  Value:               0 ETH
  Gas used:            263180 of 263180
  Block #8:            0x5b2f7ade9c27f5689cf4a1853cebf67dee06ef3cd83a2a3cd7f3dbd77effbe4a

[32meth_chainId[0m
[32meth_getTransactionByHash[0m
[32meth_chainId[0m
[32meth_getTransactionReceipt[0m
[32meth_estimateGas[0m
[32meth_sendTransaction[0m
  Contract call:       DocumentRegistry#addXAIAnalysis
  Transaction:         0x596be9a4455bcb2ad1e90fb118331c9e4626c9b5d7e2ecae5ec92da6d6ca2da2
  From:                0xf39fd6e51aad88f6f4ce6ab8827279cfffb92266
  To:                  0x5fbdb2315678afecb367f032d93f642f64180aa3
  Value:               0 ETH
  Gas used:            1039992 of 1039992
  Block #9:            0xc1e649a274e37321ceca6e8b57ce6e4ad9d525b48fea6da98cc03a3bd706d482

[32meth_chainId[0m
[32meth_getTransactionByHash[0m
[32meth_chainId[0m
[32meth_getTransactionReceipt[0m
[32meth_estimateGas[0m
[32meth_sendTransaction[0m
  Contract call:       DocumentRegistry#verifyDocument
  Transaction:         0x305524828e6e09f75b5a676458bc74c7b0561cdfd2bceb586453ea0398153108
  From:                0xf39fd6e51aad88f6f4ce6ab8827279cfffb92266
  To:                  0x5fbdb2315678afecb367f032d93f642f64180aa3
  Value:               0 ETH
  Gas used:            78184 of 78184
  Block #10:           0xb394502eec0557e082895b6fa2de9c7ab73e59c47e50c19c54c65e2e3f22ad8b

[32meth_chainId[0m
[32meth_getTransactionByHash[0m
[32meth_chainId[0m
[32meth_getTransactionReceipt[0m
[32meth_accounts[0m
[32meth_chainId[0m
[32meth_call[0m
  Contract call:       DocumentRegistry#getTotalDocuments
  From:                0xf39fd6e51aad88f6f4ce6ab8827279cfffb92266
  To:                  0x5fbdb2315678afecb367f032d93f642f64180aa3

[32meth_chainId[0m
[32meth_chainId (2)[0m
[32meth_accounts[0m
[32meth_chainId[0m
[32meth_chainId (2)[0m
[32meth_call[0m
  Contract call:       DocumentRegistry#getTotalDocuments
  From:                0xf39fd6e51aad88f6f4ce6ab8827279cfffb92266
  To:                  0x5fbdb2315678afecb367f032d93f642f64180aa3

[32meth_chainId[0m
[32meth_chainId (2)[0m
[32meth_accounts[0m
[32meth_call[0m
  Contract call:       DocumentRegistry#getTotalDocuments
  From:                0xf39fd6e51aad88f6f4ce6ab8827279cfffb92266
  To:                  0x5fbdb2315678afecb367f032d93f642f64180aa3

[32meth_chainId[0m
[32meth_chainId (2)[0m
[32meth_blockNumber[0m
[32meth_estimateGas[0m
[32meth_sendTransaction[0m
  Contract call:       DocumentRegistry#registerDocument
  Transaction:         0x80a1e85664fa8082a0a43602a9be4094fb52132934e74f50ed127206a0a235e2
  From:                0xf39fd6e51aad88f6f4ce6ab8827279cfffb92266
  To:                  0x5fbdb2315678afecb367f032d93f642f64180aa3
  Value:               0 ETH
  Gas used:            171788 of 171788
  Block #11:           0xbab1d2f65a00fc55058225ca5dd2caa3df44c57033ba9d0958d4294b0017c89b

[32meth_chainId[0m
[32meth_getTransactionByHash[0m
[32meth_chainId[0m
[32meth_getTransactionReceipt[0m
[32meth_estimateGas[0m
[32meth_sendTransaction[0m
  Contract call:       DocumentRegistry#addXAIAnalysis
  Transaction:         0xdf24151835afa4c364630d1097c658df2f2c55505c468279032fb52c5ac02ddf
  From:                0xf39fd6e51aad88f6f4ce6ab8827279cfffb92266
  To:                  0x5fbdb2315678afecb367f032d93f642f64180aa3
  Value:               0 ETH
  Gas used:            970795 of 970795
  Block #12:           0xd0724f0106eba4298560de274b8f098ac85918347e4ef33c82ddf1a467e024aa

[32meth_chainId[0m
[32meth_getTransactionByHash[0m
[32meth_chainId[0m
[32meth_getTransactionReceipt[0m
[32meth_estimateGas[0m
[32meth_sendTransaction[0m
  Contract call:       DocumentRegistry#verifyDocument
  Transaction:         0x5c1d724fe9eb0bc82d54b0e9a5ae9b47a4c8988fa115dd969c19ea780ce9ce5a
  From:                0xf39fd6e51aad88f6f4ce6ab8827279cfffb92266
  To:                  0x5fbdb2315678afecb367f032d93f642f64180aa3
  Value:               0 ETH
  Gas used:            78184 of 78184
  Block #13:           0x2a3aaaa472e4c3902f73d8451f719765e846d7c62da7a07d2aea66a6b56445bc

[32meth_chainId[0m
[32meth_getTransactionByHash[0m
[32meth_chainId[0m
[32meth_getTransactionReceipt[0m
[32meth_blockNumber[0m
[32meth_estimateGas[0m
[32meth_sendTransaction[0m
  Contract call:       DocumentRegistry#registerDocument
  Transaction:         0xc15aa2ce519818422a8e396a25e37e38bb528a5de6b1af0453e5467ddd1c8f19
  From:                0xf39fd6e51aad88f6f4ce6ab8827279cfffb92266
  To:                  0x5fbdb2315678afecb367f032d93f642f64180aa3
  Value:               0 ETH
  Gas used:            217290 of 217290
  Block #14:           0x9b3cd73f1150939c1f192993545a4aa04d39265f815f5792d4caa7a79c249ce0

[32meth_chainId[0m
[32meth_getTransactionByHash[0m
[32meth_chainId[0m
[32meth_getTransactionReceipt[0m
[32meth_estimateGas[0m
[32meth_sendTransaction[0m
  Contract call:       DocumentRegistry#addXAIAnalysis
  Transaction:         0x6d0cdb8d759a371dbca96b0114fb7218ab4ec16bac80c1d6dd3454675794e6b1
  From:                0xf39fd6e51aad88f6f4ce6ab8827279cfffb92266
  To:                  0x5fbdb2315678afecb367f032d93f642f64180aa3
  Value:               0 ETH
  Gas used:            994101 of 994101
  Block #15:           0xcde9e46221ab1df384bb48a9ae8e92456699864cbf42ce03099a821d9544b953

[32meth_chainId[0m
[32meth_getTransactionByHash[0m
[32meth_chainId[0m
[32meth_getTransactionReceipt[0m
[32meth_estimateGas[0m
[32meth_sendTransaction[0m
  Contract call:       DocumentRegistry#verifyDocument
  Transaction:         0x7c481e50c51cf29a6458ee5c4bb1c9556bf40e49e6326a9f1eb97e39262b0663
  From:                0xf39fd6e51aad88f6f4ce6ab8827279cfffb92266
  To:                  0x5fbdb2315678afecb367f032d93f642f64180aa3
  Value:               0 ETH
  Gas used:            78184 of 78184
  Block #16:           0x6fd537c2c6ce1d66ebc39f939cbab0e46169f0c9c331e01a7390fa100de2cb19

[32meth_chainId[0m
[32meth_getTransactionByHash[0m
[32meth_chainId[0m
[32meth_getTransactionReceipt[0m
[32meth_chainId[0m
[32meth_accounts[0m
[32meth_call[0m
  Contract call:       DocumentRegistry#getTotalDocuments
  From:                0xf39fd6e51aad88f6f4ce6ab8827279cfffb92266
  To:                  0x5fbdb2315678afecb367f032d93f642f64180aa3

[32meth_chainId[0m
[32meth_chainId (2)[0m
[32meth_accounts[0m
[32meth_chainId[0m
[32meth_chainId (2)[0m
[32meth_call[0m
  Contract call:       DocumentRegistry#getTotalDocuments
  From:                0xf39fd6e51aad88f6f4ce6ab8827279cfffb92266
  To:                  0x5fbdb2315678afecb367f032d93f642f64180aa3

[32meth_chainId[0m
[32meth_chainId (2)[0m
[32meth_accounts[0m
[32meth_call[0m
  Contract call:       DocumentRegistry#getTotalDocuments
  From:                0xf39fd6e51aad88f6f4ce6ab8827279cfffb92266
  To:                  0x5fbdb2315678afecb367f032d93f642f64180aa3

[32meth_chainId[0m
[32meth_chainId (2)[0m
[32meth_blockNumber[0m
[31meth_estimateGas[0m
  Contract call:       DocumentRegistry#registerDocument
  From:                0xf39fd6e51aad88f6f4ce6ab8827279cfffb92266
  To:                  0x5fbdb2315678afecb367f032d93f642f64180aa3
  Value:               0 ETH

  Error: reverted with reason string 'Document already registered'

[32meth_blockNumber[0m
[31meth_estimateGas[0m
  Contract call:       DocumentRegistry#registerDocument
  From:                0xf39fd6e51aad88f6f4ce6ab8827279cfffb92266
  To:                  0x5fbdb2315678afecb367f032d93f642f64180aa3
  Value:               0 ETH

  Error: reverted with reason string 'Document already registered'

[32meth_blockNumber[0m
[32meth_estimateGas[0m
[32meth_sendTransaction[0m
  Contract call:       DocumentRegistry#registerDocument
  Transaction:         0xbc7e5aac66d89113afc6b907034c4d36173e65ec7c2b4188b2d0f3fad25a630a
  From:                0xf39fd6e51aad88f6f4ce6ab8827279cfffb92266
  To:                  0x5fbdb2315678afecb367f032d93f642f64180aa3
  Value:               0 ETH
  Gas used:            217110 of 217110
  Block #17:           0xa7b2bb8c2f16f1d59bcf1cdbdcdc964b5e2d369ce40f18edf8fc0eefa41ec392

[32meth_chainId[0m
[32meth_getTransactionByHash[0m
[32meth_chainId[0m
[32meth_getTransactionReceipt[0m
[32meth_estimateGas[0m
[32meth_sendTransaction[0m
  Contract call:       DocumentRegistry#addXAIAnalysis
  Transaction:         0x69ab8762fc904167b78296f94855c9393e54ceeeccdddf5e9036c9d92e15af25
  From:                0xf39fd6e51aad88f6f4ce6ab8827279cfffb92266
  To:                  0x5fbdb2315678afecb367f032d93f642f64180aa3
  Value:               0 ETH
  Gas used:            1109081 of 1109081
  Block #18:           0x1fe12c6a3dd57779837208e3f0cba3aa3fe0a38807df0f4aa2828436fa0ccccb

[32meth_chainId[0m
[32meth_getTransactionByHash[0m
[32meth_chainId[0m
[32meth_getTransactionReceipt[0m
[32meth_estimateGas[0m
[32meth_sendTransaction[0m
  Contract call:       DocumentRegistry#verifyDocument
  Transaction:         0xe9eacc8b9a89fd1e633b46dd5594ffb280ac471861f034a95699e979dc92fb4e
  From:                0xf39fd6e51aad88f6f4ce6ab8827279cfffb92266
  To:                  0x5fbdb2315678afecb367f032d93f642f64180aa3
  Value:               0 ETH
  Gas used:            78136 of 78136
  Block #19:           0x60af622aa6e795f782fd5027223eb788d7eaa5d2e78725570417cb9adf23ed80

[32meth_chainId[0m
[32meth_getTransactionByHash[0m
[32meth_chainId[0m
[32meth_getTransactionReceipt[0m
